build/app/intermediates/manifest_merge_blame_file/debug/processDebugMainManifest/manifest-merger-blame-debug-report.txt
1<?xml version="1.0" encoding="utf-8"?>
2<manifest xmlns:android="http://schemas.android.com/apk/res/android"
3    package="com.example.stress_analysis_app_android_combine_design"
4    android:versionCode="1"
5    android:versionName="1.0.0" >
6
7    <uses-sdk
8        android:minSdkVersion="24"
9        android:targetSdkVersion="35" />
10    <!--
11         The INTERNET permission is required for development. Specifically,
12         the Flutter tool needs it to communicate with the running application
13         to allow setting breakpoints, to provide hot reload, etc.
14    -->
15    <uses-permission android:name="android.permission.INTERNET" />
15-->src\main\AndroidManifest.xml:5:5-67
15-->src\main\AndroidManifest.xml:5:22-64
16    <!-- Android 11 이상에서는 이 설정 필요 -->
17    <queries>
17-->src\main\AndroidManifest.xml:59:5-68:15
18        <intent>
18-->src\main\AndroidManifest.xml:60:9-63:18
19            <action android:name="android.intent.action.PROCESS_TEXT" />
19-->src\main\AndroidManifest.xml:61:13-73
19-->src\main\AndroidManifest.xml:61:21-70
20
21            <data android:mimeType="text/plain" />
21-->src\main\AndroidManifest.xml:62:13-51
21-->src\main\AndroidManifest.xml:62:19-48
22        </intent>
23        <intent>
23-->src\main\AndroidManifest.xml:64:9-67:18
24            <action android:name="android.intent.action.VIEW" />
24-->src\main\AndroidManifest.xml:65:13-65
24-->src\main\AndroidManifest.xml:65:21-62
25
26            <data android:scheme="kakao" />
26-->src\main\AndroidManifest.xml:62:13-51
27        </intent>
28
29        <package android:name="com.kakao.talk" />
29-->[:kakao_flutter_sdk_common] AndroidManifest.xml:8:9-50
29-->[:kakao_flutter_sdk_common] AndroidManifest.xml:8:18-47
30        <package android:name="com.kakao.talk.alpha" />
30-->[:kakao_flutter_sdk_common] AndroidManifest.xml:9:9-56
30-->[:kakao_flutter_sdk_common] AndroidManifest.xml:9:18-53
31        <package android:name="com.kakao.talk.sandbox" />
31-->[:kakao_flutter_sdk_common] AndroidManifest.xml:10:9-58
31-->[:kakao_flutter_sdk_common] AndroidManifest.xml:10:18-55
32        <package android:name="com.kakao.onetalk" />
32-->[:kakao_flutter_sdk_common] AndroidManifest.xml:11:9-53
32-->[:kakao_flutter_sdk_common] AndroidManifest.xml:11:18-50
33        <package android:name="com.locnall.KimGiSa" />
33-->[:kakao_flutter_sdk_common] AndroidManifest.xml:12:9-55
33-->[:kakao_flutter_sdk_common] AndroidManifest.xml:12:18-52
34        <package android:name="com.lguplus.navi" />
34-->[:kakao_flutter_sdk_common] AndroidManifest.xml:13:9-52
34-->[:kakao_flutter_sdk_common] AndroidManifest.xml:13:18-49
35
36        <intent>
36-->[:kakao_flutter_sdk_common] AndroidManifest.xml:15:9-21:18
37            <action android:name="android.intent.action.VIEW" />
37-->src\main\AndroidManifest.xml:65:13-65
37-->src\main\AndroidManifest.xml:65:21-62
38
39            <category android:name="android.intent.category.BROWSABLE" />
39-->[:kakao_flutter_sdk_common] AndroidManifest.xml:18:13-74
39-->[:kakao_flutter_sdk_common] AndroidManifest.xml:18:23-71
40
41            <data android:scheme="https" />
41-->src\main\AndroidManifest.xml:62:13-51
42        </intent>
43        <intent>
43-->[androidx.media:media:1.4.1] AndroidManifest.xml:25:9-27:18
44            <action android:name="android.media.browse.MediaBrowserService" />
44-->[androidx.media:media:1.4.1] AndroidManifest.xml:26:13-79
44-->[androidx.media:media:1.4.1] AndroidManifest.xml:26:21-76
45        </intent>
46    </queries>
47
48    <uses-permission android:name="android.permission.RECORD_AUDIO" />
48-->[:record_android] AndroidManifest.xml:7:5-71
48-->[:record_android] AndroidManifest.xml:7:22-68
49    <uses-permission android:name="android.permission.CAMERA" />
49-->[:camera_android] AndroidManifest.xml:7:5-65
49-->[:camera_android] AndroidManifest.xml:7:22-62
50    <uses-permission android:name="android.permission.BLUETOOTH" />
50-->[com.github.canardoux:flutter_sound_core:9.28.0] AndroidManifest.xml:7:5-68
50-->[com.github.canardoux:flutter_sound_core:9.28.0] AndroidManifest.xml:7:22-65
51    <uses-permission android:name="android.permission.WAKE_LOCK" />
51-->[com.github.canardoux:flutter_sound_core:9.28.0] AndroidManifest.xml:8:5-68
51-->[com.github.canardoux:flutter_sound_core:9.28.0] AndroidManifest.xml:8:22-65
52    <uses-permission android:name="android.permission.MODIFY_AUDIO_SETTINGS" />
52-->[com.github.canardoux:flutter_sound_core:9.28.0] AndroidManifest.xml:9:5-80
52-->[com.github.canardoux:flutter_sound_core:9.28.0] AndroidManifest.xml:9:22-77
53    <uses-permission android:name="Manifest.permission.CAPTURE_AUDIO_OUTPUT" />
53-->[com.github.canardoux:flutter_sound_core:9.28.0] AndroidManifest.xml:11:5-80
53-->[com.github.canardoux:flutter_sound_core:9.28.0] AndroidManifest.xml:11:22-77
54
55    <permission
55-->[androidx.core:core:1.13.1] AndroidManifest.xml:22:5-24:47
56        android:name="com.example.stress_analysis_app_android_combine_design.DYNAMIC_RECEIVER_NOT_EXPORTED_PERMISSION"
56-->[androidx.core:core:1.13.1] AndroidManifest.xml:23:9-81
57        android:protectionLevel="signature" />
57-->[androidx.core:core:1.13.1] AndroidManifest.xml:24:9-44
58
59    <uses-permission android:name="com.example.stress_analysis_app_android_combine_design.DYNAMIC_RECEIVER_NOT_EXPORTED_PERMISSION" />
59-->[androidx.core:core:1.13.1] AndroidManifest.xml:26:5-97
59-->[androidx.core:core:1.13.1] AndroidManifest.xml:26:22-94
60
61    <application
62        android:name="android.app.Application"
63        android:appComponentFactory="androidx.core.app.CoreComponentFactory"
63-->[androidx.core:core:1.13.1] AndroidManifest.xml:28:18-86
64        android:debuggable="true"
65        android:extractNativeLibs="false"
66        android:icon="@mipmap/ic_launcher"
67        android:label="test1"
68        android:usesCleartextTraffic="true" >
69
70        <!-- 메인 액티비티 -->
71        <activity
72            android:name="com.example.stress_analysis_app_android_combine_design.MainActivity"
73            android:configChanges="orientation|keyboardHidden|keyboard|screenSize|smallestScreenSize|locale|layoutDirection|fontScale|screenLayout|density|uiMode"
74            android:exported="true"
75            android:hardwareAccelerated="true"
76            android:launchMode="singleTop"
77            android:taskAffinity=""
78            android:theme="@style/LaunchTheme"
79            android:windowSoftInputMode="adjustResize" >
80
81            <!-- 앱 실행 인텐트 필터 -->
82            <intent-filter>
83                <action android:name="android.intent.action.MAIN" />
84
85                <category android:name="android.intent.category.LAUNCHER" />
86            </intent-filter>
87
88            <!-- 카카오 로그인 리디렉션 -->
89            <intent-filter>
90                <action android:name="android.intent.action.VIEW" />
90-->src\main\AndroidManifest.xml:65:13-65
90-->src\main\AndroidManifest.xml:65:21-62
91
92                <category android:name="android.intent.category.DEFAULT" />
93                <category android:name="android.intent.category.BROWSABLE" />
93-->[:kakao_flutter_sdk_common] AndroidManifest.xml:18:13-74
93-->[:kakao_flutter_sdk_common] AndroidManifest.xml:18:23-71
94
95                <data
95-->src\main\AndroidManifest.xml:62:13-51
96                    android:host="oauth"
97                    android:scheme="kakao18882fcc6a677cb38e068f955744f0b1" />
98            </intent-filter>
99
100            <meta-data
101                android:name="io.flutter.embedding.android.NormalTheme"
102                android:resource="@style/NormalTheme" />
103        </activity>
104
105        <!-- 카카오 인증 핸들러 액티비티 -->
106        <activity
107            android:name="com.kakao.sdk.auth.AuthCodeHandlerActivity"
108            android:exported="true" />
109
110        <!-- 카카오 앱 키 메타데이터 -->
111        <meta-data
112            android:name="com.kakao.sdk.AppKey"
113            android:value="18882fcc6a677cb38e068f955744f0b1" />
114        <meta-data
115            android:name="flutterEmbedding"
116            android:value="2" />
117
118        <activity
118-->[:kakao_flutter_sdk_common] AndroidManifest.xml:25:9-30:56
119            android:name="com.kakao.sdk.flutter.TalkAuthCodeActivity"
119-->[:kakao_flutter_sdk_common] AndroidManifest.xml:26:13-70
120            android:configChanges="orientation|screenSize|keyboardHidden|uiMode"
120-->[:kakao_flutter_sdk_common] AndroidManifest.xml:27:13-81
121            android:exported="false"
121-->[:kakao_flutter_sdk_common] AndroidManifest.xml:28:13-37
122            android:launchMode="singleTask"
122-->[:kakao_flutter_sdk_common] AndroidManifest.xml:29:13-44
123            android:theme="@style/TransparentCompat" />
123-->[:kakao_flutter_sdk_common] AndroidManifest.xml:30:13-53
124        <activity
124-->[:kakao_flutter_sdk_common] AndroidManifest.xml:31:9-35:56
125            android:name="com.kakao.sdk.flutter.CustomTabsActivity"
125-->[:kakao_flutter_sdk_common] AndroidManifest.xml:32:13-68
126            android:exported="true"
126-->[:kakao_flutter_sdk_common] AndroidManifest.xml:33:13-36
127            android:launchMode="singleTask"
127-->[:kakao_flutter_sdk_common] AndroidManifest.xml:34:13-44
128            android:theme="@style/TransparentCompat" />
128-->[:kakao_flutter_sdk_common] AndroidManifest.xml:35:13-53
129        <activity
129-->[:kakao_flutter_sdk_common] AndroidManifest.xml:36:9-40:56
130            android:name="com.kakao.sdk.flutter.AuthCodeCustomTabsActivity"
130-->[:kakao_flutter_sdk_common] AndroidManifest.xml:37:13-76
131            android:exported="true"
131-->[:kakao_flutter_sdk_common] AndroidManifest.xml:38:13-36
132            android:launchMode="singleTask"
132-->[:kakao_flutter_sdk_common] AndroidManifest.xml:39:13-44
133            android:theme="@style/TransparentCompat" />
133-->[:kakao_flutter_sdk_common] AndroidManifest.xml:40:13-53
134        <activity
134-->[:kakao_flutter_sdk_common] AndroidManifest.xml:41:9-45:56
135            android:name="com.kakao.sdk.flutter.FollowChannelHandlerActivity"
135-->[:kakao_flutter_sdk_common] AndroidManifest.xml:42:13-78
136            android:exported="true"
136-->[:kakao_flutter_sdk_common] AndroidManifest.xml:43:13-36
137            android:launchMode="singleTask"
137-->[:kakao_flutter_sdk_common] AndroidManifest.xml:44:13-44
138            android:theme="@style/TransparentCompat" />
138-->[:kakao_flutter_sdk_common] AndroidManifest.xml:45:13-53
139        <activity
139-->[:kakao_flutter_sdk_common] AndroidManifest.xml:46:9-50:56
140            android:name="com.kakao.sdk.flutter.AppsHandlerActivity"
140-->[:kakao_flutter_sdk_common] AndroidManifest.xml:47:13-69
141            android:exported="true"
141-->[:kakao_flutter_sdk_common] AndroidManifest.xml:48:13-36
142            android:launchMode="singleTask"
142-->[:kakao_flutter_sdk_common] AndroidManifest.xml:49:13-44
143            android:theme="@style/TransparentCompat" />
143-->[:kakao_flutter_sdk_common] AndroidManifest.xml:50:13-53
144
145        <uses-library
145-->[androidx.window:window:1.2.0] AndroidManifest.xml:23:9-25:40
146            android:name="androidx.window.extensions"
146-->[androidx.window:window:1.2.0] AndroidManifest.xml:24:13-54
147            android:required="false" />
147-->[androidx.window:window:1.2.0] AndroidManifest.xml:25:13-37
148        <uses-library
148-->[androidx.window:window:1.2.0] AndroidManifest.xml:26:9-28:40
149            android:name="androidx.window.sidecar"
149-->[androidx.window:window:1.2.0] AndroidManifest.xml:27:13-51
150            android:required="false" />
150-->[androidx.window:window:1.2.0] AndroidManifest.xml:28:13-37
151
152        <activity
152-->[com.google.android.gms:play-services-auth:21.0.0] AndroidManifest.xml:23:9-27:75
153            android:name="com.google.android.gms.auth.api.signin.internal.SignInHubActivity"
153-->[com.google.android.gms:play-services-auth:21.0.0] AndroidManifest.xml:24:13-93
154            android:excludeFromRecents="true"
154-->[com.google.android.gms:play-services-auth:21.0.0] AndroidManifest.xml:25:13-46
155            android:exported="false"
155-->[com.google.android.gms:play-services-auth:21.0.0] AndroidManifest.xml:26:13-37
156            android:theme="@android:style/Theme.Translucent.NoTitleBar" />
156-->[com.google.android.gms:play-services-auth:21.0.0] AndroidManifest.xml:27:13-72
157        <!--
158            Service handling Google Sign-In user revocation. For apps that do not integrate with
159            Google Sign-In, this service will never be started.
160        -->
161        <service
161-->[com.google.android.gms:play-services-auth:21.0.0] AndroidManifest.xml:33:9-37:51
162            android:name="com.google.android.gms.auth.api.signin.RevocationBoundService"
162-->[com.google.android.gms:play-services-auth:21.0.0] AndroidManifest.xml:34:13-89
163            android:exported="true"
163-->[com.google.android.gms:play-services-auth:21.0.0] AndroidManifest.xml:35:13-36
164            android:permission="com.google.android.gms.auth.api.signin.permission.REVOCATION_NOTIFICATION"
164-->[com.google.android.gms:play-services-auth:21.0.0] AndroidManifest.xml:36:13-107
165            android:visibleToInstantApps="true" />
165-->[com.google.android.gms:play-services-auth:21.0.0] AndroidManifest.xml:37:13-48
166
167        <activity
167-->[com.google.android.gms:play-services-base:18.0.1] AndroidManifest.xml:20:9-22:45
168            android:name="com.google.android.gms.common.api.GoogleApiActivity"
168-->[com.google.android.gms:play-services-base:18.0.1] AndroidManifest.xml:20:19-85
169            android:exported="false"
169-->[com.google.android.gms:play-services-base:18.0.1] AndroidManifest.xml:22:19-43
170            android:theme="@android:style/Theme.Translucent.NoTitleBar" />
170-->[com.google.android.gms:play-services-base:18.0.1] AndroidManifest.xml:21:19-78
171
172        <meta-data
172-->[com.google.android.gms:play-services-basement:18.2.0] AndroidManifest.xml:21:9-23:69
173            android:name="com.google.android.gms.version"
173-->[com.google.android.gms:play-services-basement:18.2.0] AndroidManifest.xml:22:13-58
174            android:value="@integer/google_play_services_version" />
174-->[com.google.android.gms:play-services-basement:18.2.0] AndroidManifest.xml:23:13-66
175
176        <provider
176-->[androidx.lifecycle:lifecycle-process:2.7.0] AndroidManifest.xml:24:9-32:20
177            android:name="androidx.startup.InitializationProvider"
177-->[androidx.lifecycle:lifecycle-process:2.7.0] AndroidManifest.xml:25:13-67
178            android:authorities="com.example.stress_analysis_app_android_combine_design.androidx-startup"
178-->[androidx.lifecycle:lifecycle-process:2.7.0] AndroidManifest.xml:26:13-68
179            android:exported="false" >
179-->[androidx.lifecycle:lifecycle-process:2.7.0] AndroidManifest.xml:27:13-37
180            <meta-data
180-->[androidx.lifecycle:lifecycle-process:2.7.0] AndroidManifest.xml:29:13-31:52
181                android:name="androidx.lifecycle.ProcessLifecycleInitializer"
181-->[androidx.lifecycle:lifecycle-process:2.7.0] AndroidManifest.xml:30:17-78
182                android:value="androidx.startup" />
182-->[androidx.lifecycle:lifecycle-process:2.7.0] AndroidManifest.xml:31:17-49
183            <meta-data
183-->[androidx.profileinstaller:profileinstaller:1.3.1] AndroidManifest.xml:29:13-31:52
184                android:name="androidx.profileinstaller.ProfileInstallerInitializer"
184-->[androidx.profileinstaller:profileinstaller:1.3.1] AndroidManifest.xml:30:17-85
185                android:value="androidx.startup" />
185-->[androidx.profileinstaller:profileinstaller:1.3.1] AndroidManifest.xml:31:17-49
186        </provider>
187
188        <receiver
188-->[androidx.profileinstaller:profileinstaller:1.3.1] AndroidManifest.xml:34:9-52:20
189            android:name="androidx.profileinstaller.ProfileInstallReceiver"
189-->[androidx.profileinstaller:profileinstaller:1.3.1] AndroidManifest.xml:35:13-76
190            android:directBootAware="false"
190-->[androidx.profileinstaller:profileinstaller:1.3.1] AndroidManifest.xml:36:13-44
191            android:enabled="true"
191-->[androidx.profileinstaller:profileinstaller:1.3.1] AndroidManifest.xml:37:13-35
192            android:exported="true"
192-->[androidx.profileinstaller:profileinstaller:1.3.1] AndroidManifest.xml:38:13-36
193            android:permission="android.permission.DUMP" >
193-->[androidx.profileinstaller:profileinstaller:1.3.1] AndroidManifest.xml:39:13-57
194            <intent-filter>
194-->[androidx.profileinstaller:profileinstaller:1.3.1] AndroidManifest.xml:40:13-42:29
195                <action android:name="androidx.profileinstaller.action.INSTALL_PROFILE" />
195-->[androidx.profileinstaller:profileinstaller:1.3.1] AndroidManifest.xml:41:17-91
195-->[androidx.profileinstaller:profileinstaller:1.3.1] AndroidManifest.xml:41:25-88
196            </intent-filter>
197            <intent-filter>
197-->[androidx.profileinstaller:profileinstaller:1.3.1] AndroidManifest.xml:43:13-45:29
198                <action android:name="androidx.profileinstaller.action.SKIP_FILE" />
198-->[androidx.profileinstaller:profileinstaller:1.3.1] AndroidManifest.xml:44:17-85
198-->[androidx.profileinstaller:profileinstaller:1.3.1] AndroidManifest.xml:44:25-82
199            </intent-filter>
200            <intent-filter>
200-->[androidx.profileinstaller:profileinstaller:1.3.1] AndroidManifest.xml:46:13-48:29
201                <action android:name="androidx.profileinstaller.action.SAVE_PROFILE" />
201-->[androidx.profileinstaller:profileinstaller:1.3.1] AndroidManifest.xml:47:17-88
201-->[androidx.profileinstaller:profileinstaller:1.3.1] AndroidManifest.xml:47:25-85
202            </intent-filter>
203            <intent-filter>
203-->[androidx.profileinstaller:profileinstaller:1.3.1] AndroidManifest.xml:49:13-51:29
204                <action android:name="androidx.profileinstaller.action.BENCHMARK_OPERATION" />
204-->[androidx.profileinstaller:profileinstaller:1.3.1] AndroidManifest.xml:50:17-95
204-->[androidx.profileinstaller:profileinstaller:1.3.1] AndroidManifest.xml:50:25-92
205            </intent-filter>
206        </receiver>
207    </application>
208
209</manifest>